{"/home/mieli/Documentos/DEV/DJF_Treinamento/Exercicios-Logica/exercicios-logica.js": {"path":"/home/mieli/Documentos/DEV/DJF_Treinamento/Exercicios-Logica/exercicios-logica.js","statementMap":{"0":{"start":{"line":3,"column":18},"end":{"line":3,"column":20}},"1":{"start":{"line":4,"column":4},"end":{"line":24,"column":5}},"2":{"start":{"line":5,"column":8},"end":{"line":5,"column":44}},"3":{"start":{"line":6,"column":11},"end":{"line":24,"column":5}},"4":{"start":{"line":7,"column":8},"end":{"line":7,"column":43}},"5":{"start":{"line":8,"column":11},"end":{"line":24,"column":5}},"6":{"start":{"line":9,"column":8},"end":{"line":9,"column":48}},"7":{"start":{"line":10,"column":11},"end":{"line":24,"column":5}},"8":{"start":{"line":11,"column":8},"end":{"line":11,"column":42}},"9":{"start":{"line":12,"column":11},"end":{"line":24,"column":5}},"10":{"start":{"line":13,"column":8},"end":{"line":13,"column":47}},"11":{"start":{"line":14,"column":11},"end":{"line":24,"column":5}},"12":{"start":{"line":15,"column":8},"end":{"line":15,"column":41}},"13":{"start":{"line":16,"column":11},"end":{"line":24,"column":5}},"14":{"start":{"line":17,"column":8},"end":{"line":17,"column":41}},"15":{"start":{"line":18,"column":11},"end":{"line":24,"column":5}},"16":{"start":{"line":19,"column":8},"end":{"line":19,"column":41}},"17":{"start":{"line":20,"column":10},"end":{"line":24,"column":5}},"18":{"start":{"line":21,"column":8},"end":{"line":21,"column":42}},"19":{"start":{"line":23,"column":8},"end":{"line":23,"column":41}},"20":{"start":{"line":25,"column":4},"end":{"line":25,"column":19}},"21":{"start":{"line":29,"column":4},"end":{"line":29,"column":51}},"22":{"start":{"line":33,"column":4},"end":{"line":33,"column":51}},"23":{"start":{"line":37,"column":4},"end":{"line":37,"column":49}},"24":{"start":{"line":41,"column":4},"end":{"line":41,"column":61}},"25":{"start":{"line":45,"column":20},"end":{"line":45,"column":47}},"26":{"start":{"line":46,"column":4},"end":{"line":56,"column":5}},"27":{"start":{"line":47,"column":8},"end":{"line":47,"column":28}},"28":{"start":{"line":48,"column":11},"end":{"line":56,"column":5}},"29":{"start":{"line":49,"column":8},"end":{"line":49,"column":28}},"30":{"start":{"line":50,"column":11},"end":{"line":56,"column":5}},"31":{"start":{"line":51,"column":8},"end":{"line":51,"column":28}},"32":{"start":{"line":52,"column":11},"end":{"line":56,"column":5}},"33":{"start":{"line":53,"column":8},"end":{"line":53,"column":28}},"34":{"start":{"line":55,"column":8},"end":{"line":55,"column":28}},"35":{"start":{"line":60,"column":4},"end":{"line":65,"column":5}},"36":{"start":{"line":61,"column":8},"end":{"line":61,"column":83}},"37":{"start":{"line":63,"column":31},"end":{"line":63,"column":55}},"38":{"start":{"line":64,"column":8},"end":{"line":64,"column":39}},"39":{"start":{"line":69,"column":15},"end":{"line":69,"column":32}},"40":{"start":{"line":70,"column":15},"end":{"line":70,"column":32}},"41":{"start":{"line":71,"column":4},"end":{"line":73,"column":5}},"42":{"start":{"line":72,"column":8},"end":{"line":72,"column":24}},"43":{"start":{"line":74,"column":4},"end":{"line":74,"column":24}},"44":{"start":{"line":79,"column":32},"end":{"line":79,"column":33}},"45":{"start":{"line":80,"column":33},"end":{"line":80,"column":38}},"46":{"start":{"line":81,"column":32},"end":{"line":81,"column":36}},"47":{"start":{"line":82,"column":17},"end":{"line":82,"column":23}},"48":{"start":{"line":83,"column":20},"end":{"line":83,"column":21}},"49":{"start":{"line":84,"column":29},"end":{"line":84,"column":30}},"50":{"start":{"line":85,"column":4},"end":{"line":94,"column":5}},"51":{"start":{"line":86,"column":8},"end":{"line":86,"column":41}},"52":{"start":{"line":87,"column":8},"end":{"line":87,"column":60}},"53":{"start":{"line":88,"column":11},"end":{"line":94,"column":5}},"54":{"start":{"line":89,"column":8},"end":{"line":89,"column":41}},"55":{"start":{"line":90,"column":8},"end":{"line":90,"column":61}},"56":{"start":{"line":92,"column":8},"end":{"line":92,"column":30}},"57":{"start":{"line":93,"column":8},"end":{"line":93,"column":60}},"58":{"start":{"line":96,"column":4},"end":{"line":96,"column":21}},"59":{"start":{"line":102,"column":4},"end":{"line":118,"column":5}},"60":{"start":{"line":103,"column":8},"end":{"line":103,"column":33}},"61":{"start":{"line":104,"column":11},"end":{"line":118,"column":5}},"62":{"start":{"line":105,"column":8},"end":{"line":105,"column":25}},"63":{"start":{"line":106,"column":11},"end":{"line":118,"column":5}},"64":{"start":{"line":107,"column":8},"end":{"line":107,"column":31}},"65":{"start":{"line":108,"column":11},"end":{"line":118,"column":5}},"66":{"start":{"line":109,"column":8},"end":{"line":109,"column":29}},"67":{"start":{"line":110,"column":11},"end":{"line":118,"column":5}},"68":{"start":{"line":111,"column":8},"end":{"line":111,"column":30}},"69":{"start":{"line":112,"column":11},"end":{"line":118,"column":5}},"70":{"start":{"line":113,"column":8},"end":{"line":113,"column":29}},"71":{"start":{"line":114,"column":11},"end":{"line":118,"column":5}},"72":{"start":{"line":115,"column":8},"end":{"line":115,"column":29}},"73":{"start":{"line":117,"column":8},"end":{"line":117,"column":24}},"74":{"start":{"line":122,"column":0},"end":{"line":133,"column":1}}},"fnMap":{"0":{"name":"verifyWeight","decl":{"start":{"line":2,"column":9},"end":{"line":2,"column":21}},"loc":{"start":{"line":2,"column":29},"end":{"line":26,"column":1}},"line":2},"1":{"name":"verifyLargeNumber","decl":{"start":{"line":28,"column":9},"end":{"line":28,"column":26}},"loc":{"start":{"line":28,"column":44},"end":{"line":30,"column":1}},"line":28},"2":{"name":"verifyLessNumber","decl":{"start":{"line":32,"column":9},"end":{"line":32,"column":25}},"loc":{"start":{"line":32,"column":43},"end":{"line":34,"column":1}},"line":32},"3":{"name":"checkNumberIsEven","decl":{"start":{"line":36,"column":9},"end":{"line":36,"column":26}},"loc":{"start":{"line":36,"column":34},"end":{"line":38,"column":1}},"line":36},"4":{"name":"verifyOfGreater","decl":{"start":{"line":40,"column":9},"end":{"line":40,"column":24}},"loc":{"start":{"line":40,"column":29},"end":{"line":42,"column":1}},"line":40},"5":{"name":"calculateAverage","decl":{"start":{"line":44,"column":9},"end":{"line":44,"column":25}},"loc":{"start":{"line":44,"column":46},"end":{"line":57,"column":1}},"line":44},"6":{"name":"calculatePercentDiscount","decl":{"start":{"line":59,"column":9},"end":{"line":59,"column":33}},"loc":{"start":{"line":59,"column":50},"end":{"line":66,"column":1}},"line":59},"7":{"name":"checkNumberIsEquals","decl":{"start":{"line":68,"column":9},"end":{"line":68,"column":28}},"loc":{"start":{"line":68,"column":46},"end":{"line":75,"column":1}},"line":68},"8":{"name":"myFunction","decl":{"start":{"line":78,"column":9},"end":{"line":78,"column":19}},"loc":{"start":{"line":78,"column":26},"end":{"line":97,"column":1}},"line":78},"9":{"name":"dayOfWeek","decl":{"start":{"line":100,"column":9},"end":{"line":100,"column":18}},"loc":{"start":{"line":100,"column":23},"end":{"line":119,"column":1}},"line":100}},"branchMap":{"0":{"loc":{"start":{"line":4,"column":4},"end":{"line":24,"column":5}},"type":"if","locations":[{"start":{"line":4,"column":4},"end":{"line":24,"column":5}},{"start":{"line":4,"column":4},"end":{"line":24,"column":5}}],"line":4},"1":{"loc":{"start":{"line":6,"column":11},"end":{"line":24,"column":5}},"type":"if","locations":[{"start":{"line":6,"column":11},"end":{"line":24,"column":5}},{"start":{"line":6,"column":11},"end":{"line":24,"column":5}}],"line":6},"2":{"loc":{"start":{"line":8,"column":11},"end":{"line":24,"column":5}},"type":"if","locations":[{"start":{"line":8,"column":11},"end":{"line":24,"column":5}},{"start":{"line":8,"column":11},"end":{"line":24,"column":5}}],"line":8},"3":{"loc":{"start":{"line":10,"column":11},"end":{"line":24,"column":5}},"type":"if","locations":[{"start":{"line":10,"column":11},"end":{"line":24,"column":5}},{"start":{"line":10,"column":11},"end":{"line":24,"column":5}}],"line":10},"4":{"loc":{"start":{"line":12,"column":11},"end":{"line":24,"column":5}},"type":"if","locations":[{"start":{"line":12,"column":11},"end":{"line":24,"column":5}},{"start":{"line":12,"column":11},"end":{"line":24,"column":5}}],"line":12},"5":{"loc":{"start":{"line":14,"column":11},"end":{"line":24,"column":5}},"type":"if","locations":[{"start":{"line":14,"column":11},"end":{"line":24,"column":5}},{"start":{"line":14,"column":11},"end":{"line":24,"column":5}}],"line":14},"6":{"loc":{"start":{"line":16,"column":11},"end":{"line":24,"column":5}},"type":"if","locations":[{"start":{"line":16,"column":11},"end":{"line":24,"column":5}},{"start":{"line":16,"column":11},"end":{"line":24,"column":5}}],"line":16},"7":{"loc":{"start":{"line":18,"column":11},"end":{"line":24,"column":5}},"type":"if","locations":[{"start":{"line":18,"column":11},"end":{"line":24,"column":5}},{"start":{"line":18,"column":11},"end":{"line":24,"column":5}}],"line":18},"8":{"loc":{"start":{"line":20,"column":10},"end":{"line":24,"column":5}},"type":"if","locations":[{"start":{"line":20,"column":10},"end":{"line":24,"column":5}},{"start":{"line":20,"column":10},"end":{"line":24,"column":5}}],"line":20},"9":{"loc":{"start":{"line":29,"column":11},"end":{"line":29,"column":50}},"type":"cond-expr","locations":[{"start":{"line":29,"column":33},"end":{"line":29,"column":40}},{"start":{"line":29,"column":43},"end":{"line":29,"column":50}}],"line":29},"10":{"loc":{"start":{"line":33,"column":11},"end":{"line":33,"column":50}},"type":"cond-expr","locations":[{"start":{"line":33,"column":33},"end":{"line":33,"column":40}},{"start":{"line":33,"column":43},"end":{"line":33,"column":50}}],"line":33},"11":{"loc":{"start":{"line":37,"column":11},"end":{"line":37,"column":48}},"type":"cond-expr","locations":[{"start":{"line":37,"column":33},"end":{"line":37,"column":38}},{"start":{"line":37,"column":41},"end":{"line":37,"column":48}}],"line":37},"12":{"loc":{"start":{"line":41,"column":11},"end":{"line":41,"column":60}},"type":"cond-expr","locations":[{"start":{"line":41,"column":25},"end":{"line":41,"column":41}},{"start":{"line":41,"column":44},"end":{"line":41,"column":60}}],"line":41},"13":{"loc":{"start":{"line":46,"column":4},"end":{"line":56,"column":5}},"type":"if","locations":[{"start":{"line":46,"column":4},"end":{"line":56,"column":5}},{"start":{"line":46,"column":4},"end":{"line":56,"column":5}}],"line":46},"14":{"loc":{"start":{"line":48,"column":11},"end":{"line":56,"column":5}},"type":"if","locations":[{"start":{"line":48,"column":11},"end":{"line":56,"column":5}},{"start":{"line":48,"column":11},"end":{"line":56,"column":5}}],"line":48},"15":{"loc":{"start":{"line":50,"column":11},"end":{"line":56,"column":5}},"type":"if","locations":[{"start":{"line":50,"column":11},"end":{"line":56,"column":5}},{"start":{"line":50,"column":11},"end":{"line":56,"column":5}}],"line":50},"16":{"loc":{"start":{"line":52,"column":11},"end":{"line":56,"column":5}},"type":"if","locations":[{"start":{"line":52,"column":11},"end":{"line":56,"column":5}},{"start":{"line":52,"column":11},"end":{"line":56,"column":5}}],"line":52},"17":{"loc":{"start":{"line":60,"column":4},"end":{"line":65,"column":5}},"type":"if","locations":[{"start":{"line":60,"column":4},"end":{"line":65,"column":5}},{"start":{"line":60,"column":4},"end":{"line":65,"column":5}}],"line":60},"18":{"loc":{"start":{"line":71,"column":4},"end":{"line":73,"column":5}},"type":"if","locations":[{"start":{"line":71,"column":4},"end":{"line":73,"column":5}},{"start":{"line":71,"column":4},"end":{"line":73,"column":5}}],"line":71},"19":{"loc":{"start":{"line":85,"column":4},"end":{"line":94,"column":5}},"type":"if","locations":[{"start":{"line":85,"column":4},"end":{"line":94,"column":5}},{"start":{"line":85,"column":4},"end":{"line":94,"column":5}}],"line":85},"20":{"loc":{"start":{"line":88,"column":11},"end":{"line":94,"column":5}},"type":"if","locations":[{"start":{"line":88,"column":11},"end":{"line":94,"column":5}},{"start":{"line":88,"column":11},"end":{"line":94,"column":5}}],"line":88},"21":{"loc":{"start":{"line":88,"column":14},"end":{"line":88,"column":43}},"type":"binary-expr","locations":[{"start":{"line":88,"column":14},"end":{"line":88,"column":26}},{"start":{"line":88,"column":30},"end":{"line":88,"column":43}}],"line":88},"22":{"loc":{"start":{"line":102,"column":4},"end":{"line":118,"column":5}},"type":"if","locations":[{"start":{"line":102,"column":4},"end":{"line":118,"column":5}},{"start":{"line":102,"column":4},"end":{"line":118,"column":5}}],"line":102},"23":{"loc":{"start":{"line":102,"column":8},"end":{"line":102,"column":26}},"type":"binary-expr","locations":[{"start":{"line":102,"column":8},"end":{"line":102,"column":15}},{"start":{"line":102,"column":19},"end":{"line":102,"column":26}}],"line":102},"24":{"loc":{"start":{"line":104,"column":11},"end":{"line":118,"column":5}},"type":"if","locations":[{"start":{"line":104,"column":11},"end":{"line":118,"column":5}},{"start":{"line":104,"column":11},"end":{"line":118,"column":5}}],"line":104},"25":{"loc":{"start":{"line":106,"column":11},"end":{"line":118,"column":5}},"type":"if","locations":[{"start":{"line":106,"column":11},"end":{"line":118,"column":5}},{"start":{"line":106,"column":11},"end":{"line":118,"column":5}}],"line":106},"26":{"loc":{"start":{"line":108,"column":11},"end":{"line":118,"column":5}},"type":"if","locations":[{"start":{"line":108,"column":11},"end":{"line":118,"column":5}},{"start":{"line":108,"column":11},"end":{"line":118,"column":5}}],"line":108},"27":{"loc":{"start":{"line":110,"column":11},"end":{"line":118,"column":5}},"type":"if","locations":[{"start":{"line":110,"column":11},"end":{"line":118,"column":5}},{"start":{"line":110,"column":11},"end":{"line":118,"column":5}}],"line":110},"28":{"loc":{"start":{"line":112,"column":11},"end":{"line":118,"column":5}},"type":"if","locations":[{"start":{"line":112,"column":11},"end":{"line":118,"column":5}},{"start":{"line":112,"column":11},"end":{"line":118,"column":5}}],"line":112},"29":{"loc":{"start":{"line":114,"column":11},"end":{"line":118,"column":5}},"type":"if","locations":[{"start":{"line":114,"column":11},"end":{"line":118,"column":5}},{"start":{"line":114,"column":11},"end":{"line":118,"column":5}}],"line":114}},"s":{"0":10,"1":10,"2":1,"3":9,"4":1,"5":8,"6":1,"7":7,"8":1,"9":6,"10":1,"11":5,"12":1,"13":4,"14":1,"15":3,"16":1,"17":2,"18":1,"19":1,"20":10,"21":2,"22":2,"23":2,"24":2,"25":5,"26":5,"27":1,"28":4,"29":1,"30":3,"31":1,"32":2,"33":1,"34":1,"35":2,"36":1,"37":1,"38":1,"39":4,"40":4,"41":4,"42":2,"43":2,"44":5,"45":5,"46":5,"47":5,"48":5,"49":5,"50":5,"51":1,"52":1,"53":4,"54":3,"55":3,"56":1,"57":1,"58":5,"59":9,"60":2,"61":7,"62":1,"63":6,"64":1,"65":5,"66":1,"67":4,"68":1,"69":3,"70":1,"71":2,"72":1,"73":1,"74":1},"f":{"0":10,"1":2,"2":2,"3":2,"4":2,"5":5,"6":2,"7":4,"8":5,"9":9},"b":{"0":[1,9],"1":[1,8],"2":[1,7],"3":[1,6],"4":[1,5],"5":[1,4],"6":[1,3],"7":[1,2],"8":[1,1],"9":[1,1],"10":[1,1],"11":[1,1],"12":[1,1],"13":[1,4],"14":[1,3],"15":[1,2],"16":[1,1],"17":[1,1],"18":[2,2],"19":[1,4],"20":[3,1],"21":[4,3],"22":[2,7],"23":[9,8],"24":[1,6],"25":[1,5],"26":[1,4],"27":[1,3],"28":[1,2],"29":[1,1]},"_coverageSchema":"1a1c01bbd47fc00a2c39e90264f33305004495a9","hash":"1e796e24cbeb96ef8d4929739f8ea061f1ae8cf0"}
}
