TN:
SF:exercicios-logica.js
FN:2,verifyWeight
FN:28,verifyLargeNumber
FN:32,verifyLessNumber
FN:36,checkNumberIsEven
FN:40,verifyOfGreater
FN:44,calculateAverage
FN:59,calculatePercentDiscount
FN:68,checkNumberIsEquals
FN:78,myFunction
FN:100,dayOfWeek
FNF:10
FNH:10
FNDA:10,verifyWeight
FNDA:2,verifyLargeNumber
FNDA:2,verifyLessNumber
FNDA:2,checkNumberIsEven
FNDA:2,verifyOfGreater
FNDA:5,calculateAverage
FNDA:2,calculatePercentDiscount
FNDA:4,checkNumberIsEquals
FNDA:5,myFunction
FNDA:9,dayOfWeek
DA:3,10
DA:4,10
DA:5,1
DA:6,9
DA:7,1
DA:8,8
DA:9,1
DA:10,7
DA:11,1
DA:12,6
DA:13,1
DA:14,5
DA:15,1
DA:16,4
DA:17,1
DA:18,3
DA:19,1
DA:20,2
DA:21,1
DA:23,1
DA:25,10
DA:29,2
DA:33,2
DA:37,2
DA:41,2
DA:45,5
DA:46,5
DA:47,1
DA:48,4
DA:49,1
DA:50,3
DA:51,1
DA:52,2
DA:53,1
DA:55,1
DA:60,2
DA:61,1
DA:63,1
DA:64,1
DA:69,4
DA:70,4
DA:71,4
DA:72,2
DA:74,2
DA:79,5
DA:80,5
DA:81,5
DA:82,5
DA:83,5
DA:84,5
DA:85,5
DA:86,1
DA:87,1
DA:88,4
DA:89,3
DA:90,3
DA:92,1
DA:93,1
DA:96,5
DA:102,9
DA:103,2
DA:104,7
DA:105,1
DA:106,6
DA:107,1
DA:108,5
DA:109,1
DA:110,4
DA:111,1
DA:112,3
DA:113,1
DA:114,2
DA:115,1
DA:117,1
DA:122,1
LF:75
LH:75
BRDA:4,0,0,1
BRDA:4,0,1,9
BRDA:6,1,0,1
BRDA:6,1,1,8
BRDA:8,2,0,1
BRDA:8,2,1,7
BRDA:10,3,0,1
BRDA:10,3,1,6
BRDA:12,4,0,1
BRDA:12,4,1,5
BRDA:14,5,0,1
BRDA:14,5,1,4
BRDA:16,6,0,1
BRDA:16,6,1,3
BRDA:18,7,0,1
BRDA:18,7,1,2
BRDA:20,8,0,1
BRDA:20,8,1,1
BRDA:29,9,0,1
BRDA:29,9,1,1
BRDA:33,10,0,1
BRDA:33,10,1,1
BRDA:37,11,0,1
BRDA:37,11,1,1
BRDA:41,12,0,1
BRDA:41,12,1,1
BRDA:46,13,0,1
BRDA:46,13,1,4
BRDA:48,14,0,1
BRDA:48,14,1,3
BRDA:50,15,0,1
BRDA:50,15,1,2
BRDA:52,16,0,1
BRDA:52,16,1,1
BRDA:60,17,0,1
BRDA:60,17,1,1
BRDA:71,18,0,2
BRDA:71,18,1,2
BRDA:85,19,0,1
BRDA:85,19,1,4
BRDA:88,20,0,3
BRDA:88,20,1,1
BRDA:88,21,0,4
BRDA:88,21,1,3
BRDA:102,22,0,2
BRDA:102,22,1,7
BRDA:102,23,0,9
BRDA:102,23,1,8
BRDA:104,24,0,1
BRDA:104,24,1,6
BRDA:106,25,0,1
BRDA:106,25,1,5
BRDA:108,26,0,1
BRDA:108,26,1,4
BRDA:110,27,0,1
BRDA:110,27,1,3
BRDA:112,28,0,1
BRDA:112,28,1,2
BRDA:114,29,0,1
BRDA:114,29,1,1
BRF:60
BRH:60
end_of_record
